<?xml version="1.0" encoding="UTF-8"?>
<coverage generated="1683043736257" clover="3.2.0">
  <project timestamp="1683043736258" name="All files">
    <metrics statements="3" coveredstatements="3" conditionals="9" coveredconditionals="6" methods="3" coveredmethods="3" elements="15" coveredelements="12" complexity="0" loc="3" ncloc="3" packages="3" files="3" classes="3"/>
    <package name="src">
      <metrics statements="1" coveredstatements="1" conditionals="0" coveredconditionals="0" methods="1" coveredmethods="1"/>
      <file name="Navbar.jsx" path="/home/adrian/dev/web/react/tasklist/mytasklist/src/Navbar.jsx">
        <metrics statements="1" coveredstatements="1" conditionals="0" coveredconditionals="0" methods="1" coveredmethods="1"/>
        <line num="2" count="1" type="stmt"/>
      </file>
    </package>
    <package name="src.Newtask">
      <metrics statements="1" coveredstatements="1" conditionals="9" coveredconditionals="6" methods="1" coveredmethods="1"/>
      <file name="NewtaskButton.jsx" path="/home/adrian/dev/web/react/tasklist/mytasklist/src/Newtask/NewtaskButton.jsx">
        <metrics statements="1" coveredstatements="1" conditionals="9" coveredconditionals="6" methods="1" coveredmethods="1"/>
        <line num="3" count="1" type="stmt"/>
      </file>
    </package>
    <package name="src.Utils">
      <metrics statements="1" coveredstatements="1" conditionals="0" coveredconditionals="0" methods="1" coveredmethods="1"/>
      <file name="Parser.js" path="/home/adrian/dev/web/react/tasklist/mytasklist/src/Utils/Parser.js">
        <metrics statements="1" coveredstatements="1" conditionals="0" coveredconditionals="0" methods="1" coveredmethods="1"/>
        <line num="2" count="5" type="stmt"/>
      </file>
    </package>
  </project>
</coverage>
