{"/home/adrian/dev/web/react/tasklist/mytasklist/src/Navbar.jsx": {"path":"/home/adrian/dev/web/react/tasklist/mytasklist/src/Navbar.jsx","statementMap":{"0":{"start":{"line":2,"column":2},"end":{"line":14,"column":null}}},"fnMap":{"0":{"name":"Navbar","decl":{"start":{"line":1,"column":9},"end":{"line":1,"column":18}},"loc":{"start":{"line":1,"column":18},"end":{"line":16,"column":null}}}},"branchMap":{},"s":{"0":1},"f":{"0":1},"b":{}}
,"/home/adrian/dev/web/react/tasklist/mytasklist/src/Newtask/NewtaskButton.jsx": {"path":"/home/adrian/dev/web/react/tasklist/mytasklist/src/Newtask/NewtaskButton.jsx","statementMap":{"0":{"start":{"line":3,"column":2},"end":{"line":9,"column":null}}},"fnMap":{"0":{"name":"NewtaskButton","decl":{"start":{"line":1,"column":9},"end":{"line":1,"column":23}},"loc":{"start":{"line":1,"column":57},"end":{"line":11,"column":null}}}},"branchMap":{"0":{"loc":{"start":{"line":4,"column":66},"end":{"line":4,"column":120}},"type":"cond-expr","locations":[{"start":{"line":4,"column":83},"end":{"line":4,"column":101}},{"start":{"line":4,"column":101},"end":{"line":4,"column":120}}]},"1":{"loc":{"start":{"line":4,"column":120},"end":{"line":4,"column":null}},"type":"cond-expr","locations":[{"start":{"line":4,"column":135},"end":{"line":4,"column":147}},{"start":{"line":4,"column":147},"end":{"line":4,"column":null}}]},"2":{"loc":{"start":{"line":5,"column":34},"end":{"line":5,"column":null}},"type":"cond-expr","locations":[{"start":{"line":5,"column":85},"end":{"line":5,"column":97}},{"start":{"line":5,"column":97},"end":{"line":5,"column":null}}]},"3":{"loc":{"start":{"line":5,"column":34},"end":{"line":5,"column":85}},"type":"binary-expr","locations":[{"start":{"line":5,"column":34},"end":{"line":5,"column":50}},{"start":{"line":5,"column":50},"end":{"line":5,"column":70}},{"start":{"line":5,"column":70},"end":{"line":5,"column":85}}]}},"s":{"0":1},"f":{"0":1},"b":{"0":[0,1],"1":[1,0],"2":[1,0],"3":[1,1,1]}}
,"/home/adrian/dev/web/react/tasklist/mytasklist/src/Utils/Parser.js": {"path":"/home/adrian/dev/web/react/tasklist/mytasklist/src/Utils/Parser.js","statementMap":{"0":{"start":{"line":2,"column":2},"end":{"line":5,"column":118}}},"fnMap":{"0":{"name":"parser","decl":{"start":{"line":1,"column":9},"end":{"line":1,"column":15}},"loc":{"start":{"line":1,"column":28},"end":{"line":6,"column":1}}}},"branchMap":{},"s":{"0":5},"f":{"0":5},"b":{}}
}
